build/app/intermediates/manifest_merge_blame_file/debug/manifest-merger-blame-debug-report.txt
1<?xml version="1.0" encoding="utf-8"?>
2<manifest xmlns:android="http://schemas.android.com/apk/res/android"
3    package="com.example.horus_university"
4    android:versionCode="1"
5    android:versionName="1.0.0" >
6
7    <uses-sdk
8        android:minSdkVersion="20"
9        android:targetSdkVersion="30" />
10    <!--
11         Flutter needs it to communicate with the running application
12         to allow setting breakpoints, to provide hot reload, etc.
13    -->
14    <uses-permission android:name="android.permission.INTERNET" />
14-->src/debug/AndroidManifest.xml:6:5-66
14-->src/debug/AndroidManifest.xml:6:22-64
15
16    <queries>
16-->[:flutter_inappwebview] AndroidManifest.xml:7:5-11:15
17        <intent>
17-->[:flutter_inappwebview] AndroidManifest.xml:8:9-10:18
18            <action android:name="android.support.customtabs.action.CustomTabsService" />
18-->[:flutter_inappwebview] AndroidManifest.xml:9:13-90
18-->[:flutter_inappwebview] AndroidManifest.xml:9:21-87
19        </intent>
20    </queries> <!-- Include required permissions for Google Maps API to run. -->
21    <uses-permission android:name="android.permission.ACCESS_NETWORK_STATE" />
21-->[com.google.android.gms:play-services-maps:17.0.0] AndroidManifest.xml:23:5-79
21-->[com.google.android.gms:play-services-maps:17.0.0] AndroidManifest.xml:23:22-76
22
23    <uses-feature
23-->[com.google.android.gms:play-services-maps:17.0.0] AndroidManifest.xml:26:5-28:35
24        android:glEsVersion="0x00020000"
24-->[com.google.android.gms:play-services-maps:17.0.0] AndroidManifest.xml:27:9-41
25        android:required="true" />
25-->[com.google.android.gms:play-services-maps:17.0.0] AndroidManifest.xml:28:9-32
26
27    <application
27-->src/main/AndroidManifest.xml:4:4-44:19
28        android:appComponentFactory="androidx.core.app.CoreComponentFactory"
28-->[androidx.core:core:1.3.0] AndroidManifest.xml:24:18-86
29        android:debuggable="true"
30        android:icon="@mipmap/ic_launcher"
30-->src/main/AndroidManifest.xml:6:9-43
31        android:label="horus_university" >
31-->src/main/AndroidManifest.xml:5:9-41
32        <activity
32-->src/main/AndroidManifest.xml:8:9-36:20
33            android:name="com.example.horus_university.MainActivity"
33-->src/main/AndroidManifest.xml:9:13-41
34            android:configChanges="orientation|keyboardHidden|keyboard|screenSize|smallestScreenSize|locale|layoutDirection|fontScale|screenLayout|density|uiMode"
34-->src/main/AndroidManifest.xml:12:13-163
35            android:hardwareAccelerated="true"
35-->src/main/AndroidManifest.xml:13:13-47
36            android:launchMode="singleTop"
36-->src/main/AndroidManifest.xml:10:13-43
37            android:theme="@style/LaunchTheme"
37-->src/main/AndroidManifest.xml:11:13-47
38            android:windowSoftInputMode="adjustResize" >
38-->src/main/AndroidManifest.xml:14:13-55
39
40            <!--
41                 Specifies an Android theme to apply to this Activity as soon as
42                 the Android process has started. This theme is visible to the user
43                 while the Flutter UI initializes. After that, this theme continues
44                 to determine the Window background behind the Flutter UI.
45            -->
46            <meta-data
46-->src/main/AndroidManifest.xml:19:13-22:17
47                android:name="io.flutter.embedding.android.NormalTheme"
47-->src/main/AndroidManifest.xml:20:15-70
48                android:resource="@style/NormalTheme" />
48-->src/main/AndroidManifest.xml:21:15-52
49            <!--
50                 Displays an Android View that continues showing the launch screen
51                 Drawable until Flutter paints its first frame, then this splash
52                 screen fades out. A splash screen is useful to avoid any visual
53                 gap between the end of Android's launch screen and the painting of
54                 Flutter's first frame.
55            -->
56            <meta-data
56-->src/main/AndroidManifest.xml:28:13-31:17
57                android:name="io.flutter.embedding.android.SplashScreenDrawable"
57-->src/main/AndroidManifest.xml:29:15-79
58                android:resource="@drawable/launch_background" />
58-->src/main/AndroidManifest.xml:30:15-61
59
60            <intent-filter>
60-->src/main/AndroidManifest.xml:32:13-35:29
61                <action android:name="android.intent.action.MAIN" />
61-->src/main/AndroidManifest.xml:33:17-68
61-->src/main/AndroidManifest.xml:33:25-66
62
63                <category android:name="android.intent.category.LAUNCHER" />
63-->src/main/AndroidManifest.xml:34:17-76
63-->src/main/AndroidManifest.xml:34:27-74
64            </intent-filter>
65        </activity>
66        <!--
67             Don't delete the meta-data below.
68             This is used by the Flutter tool to generate GeneratedPluginRegistrant.java
69        -->
70        <meta-data
70-->src/main/AndroidManifest.xml:39:9-41:33
71            android:name="flutterEmbedding"
71-->src/main/AndroidManifest.xml:40:13-44
72            android:value="2" />
72-->src/main/AndroidManifest.xml:41:13-30
73        <meta-data
73-->src/main/AndroidManifest.xml:42:8-43:69
74            android:name="com.google.android.geo.API_KEY"
74-->src/main/AndroidManifest.xml:42:19-64
75            android:value="AIzaSyA4GXmbQLsbav_Wdm0JMoRLGK16lGwscj0" />
75-->src/main/AndroidManifest.xml:43:12-67
76
77        <activity
77-->[:flutter_inappwebview] AndroidManifest.xml:14:9-17:47
78            android:name="com.pichillilorenzo.flutter_inappwebview.in_app_browser.InAppBrowserActivity"
78-->[:flutter_inappwebview] AndroidManifest.xml:15:13-104
79            android:configChanges="orientation|keyboardHidden|keyboard|screenSize|locale|layoutDirection|fontScale|screenLayout|density"
79-->[:flutter_inappwebview] AndroidManifest.xml:16:13-137
80            android:theme="@style/AppTheme" />
80-->[:flutter_inappwebview] AndroidManifest.xml:17:13-44
81        <activity
81-->[:flutter_inappwebview] AndroidManifest.xml:18:9-20:55
82            android:name="com.pichillilorenzo.flutter_inappwebview.chrome_custom_tabs.ChromeCustomTabsActivity"
82-->[:flutter_inappwebview] AndroidManifest.xml:19:13-112
83            android:theme="@style/ThemeTransparent" />
83-->[:flutter_inappwebview] AndroidManifest.xml:20:13-52
84
85        <receiver android:name="com.pichillilorenzo.flutter_inappwebview.chrome_custom_tabs.ActionBroadcastReceiver" />
85-->[:flutter_inappwebview] AndroidManifest.xml:22:9-120
85-->[:flutter_inappwebview] AndroidManifest.xml:22:19-117
86
87        <meta-data
87-->[:flutter_inappwebview] AndroidManifest.xml:24:9-26:36
88            android:name="io.flutter.embedded_views_preview"
88-->[:flutter_inappwebview] AndroidManifest.xml:25:13-61
89            android:value="true" /> <!-- Needs to be explicitly declared on P+ -->
89-->[:flutter_inappwebview] AndroidManifest.xml:26:13-33
90        <uses-library
90-->[com.google.android.gms:play-services-maps:17.0.0] AndroidManifest.xml:33:9-35:40
91            android:name="org.apache.http.legacy"
91-->[com.google.android.gms:play-services-maps:17.0.0] AndroidManifest.xml:34:13-50
92            android:required="false" />
92-->[com.google.android.gms:play-services-maps:17.0.0] AndroidManifest.xml:35:13-37
93
94        <activity
94-->[com.google.android.gms:play-services-base:17.0.0] AndroidManifest.xml:23:9-26:75
95            android:name="com.google.android.gms.common.api.GoogleApiActivity"
95-->[com.google.android.gms:play-services-base:17.0.0] AndroidManifest.xml:24:13-79
96            android:exported="false"
96-->[com.google.android.gms:play-services-base:17.0.0] AndroidManifest.xml:25:13-37
97            android:theme="@android:style/Theme.Translucent.NoTitleBar" />
97-->[com.google.android.gms:play-services-base:17.0.0] AndroidManifest.xml:26:13-72
98
99        <meta-data
99-->[com.google.android.gms:play-services-basement:17.0.0] AndroidManifest.xml:23:9-25:69
100            android:name="com.google.android.gms.version"
100-->[com.google.android.gms:play-services-basement:17.0.0] AndroidManifest.xml:24:13-58
101            android:value="@integer/google_play_services_version" />
101-->[com.google.android.gms:play-services-basement:17.0.0] AndroidManifest.xml:25:13-66
102    </application>
103
104</manifest>